INFO: latexindent version 3.5.3, 2018-10-13, a script to indent .tex files
      latexindent lives here: /home/fouche/texlive/texmf-dist/scripts/latexindent/
      Sun Feb 24 20:42:58 2019
      Filename: /home/fouche/gagnammerda/tane.tex
INFO: Processing switches:
INFO: Directory for backup files and indent.log: /home/fouche/gagnammerda
INFO: YAML settings read: defaultSettings.yaml
      Reading defaultSettings.yaml from /home/fouche/texlive/texmf-dist/scripts/latexindent/defaultSettings.yaml
INFO: YAML settings read: indentconfig.yaml or .indentconfig.yaml
      Home directory is /home/fouche (didn't find either indentconfig.yaml or .indentconfig.yaml)
      To specify user settings you would put indentconfig.yaml here: /home/fouche/indentconfig.yaml
      Alternatively, you can use the hidden file .indentconfig.yaml as: /home/fouche/.indentconfig.yaml
INFO: Phase 1: searching for objects
INFO: Phase 2: finding surrounding indentation
INFO: Phase 3: indenting objects
INFO: Phase 4: final indentation check
INFO: Output routine:
      Not outputting to file; see -w and -o switches for more options.
      --------------
INFO: Please direct all communication/issues to:
      https://github.com/cmhughes/latexindent.pl
